# JRE version: OpenJDK Runtime Environment (8.0_212-b04) (build 1.8.0_212-release-1586-b04)
# Java VM: OpenJDK 64-Bit Server VM (25.212-b04 mixed mode windows-amd64 compressed oops)
Heap:
 PSYoungGen      total 131584K, used 13104K [0x00000000f5580000, 0x0000000100000000, 0x0000000100000000)
  eden space 90112K, 10% used [0x00000000f5580000,0x00000000f5f16f20,0x00000000fad80000)
  from space 41472K, 7% used [0x00000000fad80000,0x00000000fb0b5328,0x00000000fd600000)
  to   space 40960K, 0% used [0x00000000fd800000,0x00000000fd800000,0x0000000100000000)
 ParOldGen       total 349696K, used 220837K [0x00000000e0000000, 0x00000000f5580000, 0x00000000f5580000)
  object space 349696K, 63% used [0x00000000e0000000,0x00000000ed7a94c8,0x00000000f5580000)
 Metaspace       used 105920K, capacity 111801K, committed 112000K, reserved 1146880K
  class space    used 13646K, capacity 14868K, committed 14976K, reserved 1048576K
GC Heap History (10 events):
Event: 312.499 GC heap before
{Heap before GC invocations=82 (full 5):
 PSYoungGen      total 138752K, used 128512K [0x00000000f5580000, 0x0000000100000000, 0x0000000100000000)
  eden space 128512K, 100% used [0x00000000f5580000,0x00000000fd300000,0x00000000fd300000)
  from space 10240K, 0% used [0x00000000ff600000,0x00000000ff600000,0x0000000100000000)
  to   space 23040K, 0% used [0x00000000fd300000,0x00000000fd300000,0x00000000fe980000)
 ParOldGen       total 349696K, used 159085K [0x00000000e0000000, 0x00000000f5580000, 0x00000000f5580000)
  object space 349696K, 45% used [0x00000000e0000000,0x00000000e9b5b550,0x00000000f5580000)
 Metaspace       used 104185K, capacity 109853K, committed 110464K, reserved 1144832K
  class space    used 13383K, capacity 14582K, committed 14720K, reserved 1048576K
Event: 312.522 GC heap after
Heap after GC invocations=82 (full 5):
 PSYoungGen      total 151552K, used 23035K [0x00000000f5580000, 0x0000000100000000, 0x0000000100000000)
  eden space 128512K, 0% used [0x00000000f5580000,0x00000000f5580000,0x00000000fd300000)
  from space 23040K, 99% used [0x00000000fd300000,0x00000000fe97ec88,0x00000000fe980000)
  to   space 23040K, 0% used [0x00000000fe980000,0x00000000fe980000,0x0000000100000000)
 ParOldGen       total 349696K, used 160848K [0x00000000e0000000, 0x00000000f5580000, 0x00000000f5580000)
  object space 349696K, 45% used [0x00000000e0000000,0x00000000e9d140d8,0x00000000f5580000)
 Metaspace       used 104185K, capacity 109853K, committed 110464K, reserved 1144832K
  class space    used 13383K, capacity 14582K, committed 14720K, reserved 1048576K
}
Event: 313.761 GC heap before
{Heap before GC invocations=83 (full 5):
 PSYoungGen      total 151552K, used 151547K [0x00000000f5580000, 0x0000000100000000, 0x0000000100000000)
  eden space 128512K, 100% used [0x00000000f5580000,0x00000000fd300000,0x00000000fd300000)
  from space 23040K, 99% used [0x00000000fd300000,0x00000000fe97ec88,0x00000000fe980000)
  to   space 23040K, 0% used [0x00000000fe980000,0x00000000fe980000,0x0000000100000000)
 ParOldGen       total 349696K, used 160848K [0x00000000e0000000, 0x00000000f5580000, 0x00000000f5580000)
  object space 349696K, 45% used [0x00000000e0000000,0x00000000e9d140d8,0x00000000f5580000)
 Metaspace       used 104213K, capacity 109921K, committed 110464K, reserved 1144832K
  class space    used 13383K, capacity 14582K, committed 14720K, reserved 1048576K
Event: 313.812 GC heap after
Heap after GC invocations=83 (full 5):
 PSYoungGen      total 110592K, used 23029K [0x00000000f5580000, 0x0000000100000000, 0x0000000100000000)
  eden space 87552K, 0% used [0x00000000f5580000,0x00000000f5580000,0x00000000fab00000)
  from space 23040K, 99% used [0x00000000fe980000,0x00000000ffffd5e8,0x0000000100000000)
  to   space 43520K, 0% used [0x00000000fab00000,0x00000000fab00000,0x00000000fd580000)
 ParOldGen       total 349696K, used 196109K [0x00000000e0000000, 0x00000000f5580000, 0x00000000f5580000)
  object space 349696K, 56% used [0x00000000e0000000,0x00000000ebf83638,0x00000000f5580000)
 Metaspace       used 104213K, capacity 109921K, committed 110464K, reserved 1144832K
  class space    used 13383K, capacity 14582K, committed 14720K, reserved 1048576K
}
Event: 314.310 GC heap before
{Heap before GC invocations=84 (full 5):
 PSYoungGen      total 110592K, used 110581K [0x00000000f5580000, 0x0000000100000000, 0x0000000100000000)
  eden space 87552K, 100% used [0x00000000f5580000,0x00000000fab00000,0x00000000fab00000)
  from space 23040K, 99% used [0x00000000fe980000,0x00000000ffffd5e8,0x0000000100000000)
  to   space 43520K, 0% used [0x00000000fab00000,0x00000000fab00000,0x00000000fd580000)
 ParOldGen       total 349696K, used 196109K [0x00000000e0000000, 0x00000000f5580000, 0x00000000f5580000)
  object space 349696K, 56% used [0x00000000e0000000,0x00000000ebf83638,0x00000000f5580000)
 Metaspace       used 104214K, capacity 109921K, committed 110464K, reserved 1144832K
  class space    used 13383K, capacity 14582K, committed 14720K, reserved 1048576K
Event: 314.338 GC heap after
Heap after GC invocations=84 (full 5):
 PSYoungGen      total 131072K, used 15291K [0x00000000f5580000, 0x0000000100000000, 0x0000000100000000)
  eden space 87552K, 0% used [0x00000000f5580000,0x00000000f5580000,0x00000000fab00000)
  from space 43520K, 35% used [0x00000000fab00000,0x00000000fb9eec88,0x00000000fd580000)
  to   space 40960K, 0% used [0x00000000fd800000,0x00000000fd800000,0x0000000100000000)
 ParOldGen       total 349696K, used 215347K [0x00000000e0000000, 0x00000000f5580000, 0x00000000f5580000)
  object space 349696K, 61% used [0x00000000e0000000,0x00000000ed24cc38,0x00000000f5580000)
 Metaspace       used 104214K, capacity 109921K, committed 110464K, reserved 1144832K
  class space    used 13383K, capacity 14582K, committed 14720K, reserved 1048576K
}
Event: 315.376 GC heap before
{Heap before GC invocations=85 (full 5):
 PSYoungGen      total 131072K, used 102226K [0x00000000f5580000, 0x0000000100000000, 0x0000000100000000)
  eden space 87552K, 99% used [0x00000000f5580000,0x00000000faa65cc0,0x00000000fab00000)
  from space 43520K, 35% used [0x00000000fab00000,0x00000000fb9eec88,0x00000000fd580000)
  to   space 40960K, 0% used [0x00000000fd800000,0x00000000fd800000,0x0000000100000000)
 ParOldGen       total 349696K, used 217395K [0x00000000e0000000, 0x00000000f5580000, 0x00000000f5580000)
  object space 349696K, 62% used [0x00000000e0000000,0x00000000ed44cc48,0x00000000f5580000)
 Metaspace       used 104786K, capacity 110511K, committed 110720K, reserved 1144832K
  class space    used 13478K, capacity 14673K, committed 14720K, reserved 1048576K
Event: 315.388 GC heap after
Heap after GC invocations=85 (full 5):
 PSYoungGen      total 129536K, used 23722K [0x00000000f5580000, 0x00000000ffe80000, 0x0000000100000000)
  eden space 90112K, 0% used [0x00000000f5580000,0x00000000f5580000,0x00000000fad80000)
  from space 39424K, 60% used [0x00000000fd800000,0x00000000fef2aa68,0x00000000ffe80000)
  to   space 41472K, 0% used [0x00000000fad80000,0x00000000fad80000,0x00000000fd600000)
 ParOldGen       total 349696K, used 220219K [0x00000000e0000000, 0x00000000f5580000, 0x00000000f5580000)
  object space 349696K, 62% used [0x00000000e0000000,0x00000000ed70ecc8,0x00000000f5580000)
 Metaspace       used 104786K, capacity 110511K, committed 110720K, reserved 1144832K
  class space    used 13478K, capacity 14673K, committed 14720K, reserved 1048576K
}
Event: 439.077 GC heap before
{Heap before GC invocations=86 (full 5):
 PSYoungGen      total 129536K, used 113834K [0x00000000f5580000, 0x00000000ffe80000, 0x0000000100000000)
  eden space 90112K, 100% used [0x00000000f5580000,0x00000000fad80000,0x00000000fad80000)
  from space 39424K, 60% used [0x00000000fd800000,0x00000000fef2aa68,0x00000000ffe80000)
  to   space 41472K, 0% used [0x00000000fad80000,0x00000000fad80000,0x00000000fd600000)
 ParOldGen       total 349696K, used 220221K [0x00000000e0000000, 0x00000000f5580000, 0x00000000f5580000)
  object space 349696K, 62% used [0x00000000e0000000,0x00000000ed70f458,0x00000000f5580000)
 Metaspace       used 105763K, capacity 111641K, committed 112000K, reserved 1146880K
  class space    used 13627K, capacity 14852K, committed 14976K, reserved 1048576K
Event: 439.985 GC heap after
Heap after GC invocations=86 (full 5):
 PSYoungGen      total 131584K, used 3284K [0x00000000f5580000, 0x0000000100000000, 0x0000000100000000)
  eden space 90112K, 0% used [0x00000000f5580000,0x00000000f5580000,0x00000000fad80000)
  from space 41472K, 7% used [0x00000000fad80000,0x00000000fb0b5328,0x00000000fd600000)
  to   space 40960K, 0% used [0x00000000fd800000,0x00000000fd800000,0x0000000100000000)
 ParOldGen       total 349696K, used 220837K [0x00000000e0000000, 0x00000000f5580000, 0x00000000f5580000)
  object space 349696K, 63% used [0x00000000e0000000,0x00000000ed7a94c8,0x00000000f5580000)
 Metaspace       used 105763K, capacity 111641K, committed 112000K, reserved 1146880K
  class space    used 13627K, capacity 14852K, committed 14976K, reserved 1048576K
}

